This is pdfTeX, Version 3.1415926-2.3-1.40.12 (MiKTeX 2.9) (preloaded format=pdftex 2012.11.10)  10 NOV 2012 15:06
entering extended mode
**C:/Users/Dave/Desktop/Decompositional*Semantics/Decompositional*Semantics/bib
liography.bib

("C:/Users/Dave/Desktop/Decompositional Semantics/Decompositional Semantics/bib
liography.bib"
! Missing $ inserted.
<inserted text> 
                $
<to be read again> 
                   _
l.2 @article{smith_
                   overall_1984,
? 
! Emergency stop.
<inserted text> 
                $
<to be read again> 
                   _
l.2 @article{smith_
                   overall_1984,
End of file on the terminal!

!  ==> Fatal error occurred, no output PDF file produced!
