This is pdfTeX, Version 3.1415926-1.40.10 (MiKTeX 2.8) (preloaded format=pdflatex 2012.9.5)  17 SEP 2012 15:47
entering extended mode
**C:/Documents*and*Settings/dzornek/Desktop/Thesis/Chapters/Weaknesses*of*GL/We
aknesses*of*GL.tex

("C:/Documents and Settings/dzornek/Desktop/Thesis/Chapters/Weaknesses of GL/We
aknesses of GL.tex"
LaTeX2e <2009/09/24>
Babel <v3.8l> and hyphenation patterns for english, dumylang, nohyphenation, ge
rman, ngerman, german-x-2009-06-19, ngerman-x-2009-06-19, french, loaded.

("C:\Documents and Settings\dzornek\Desktop\Miktex\tex\latex\ams\classes\amsart
.cls"
Document Class: amsart 2009/07/02 v2.20.1
\linespacing=\dimen102
\normalparindent=\dimen103
\normaltopskip=\skip41

("C:\Documents and Settings\dzornek\Desktop\Miktex\tex\latex\ams\math\amsmath.s
ty"
Package: amsmath 2000/07/18 v2.13 AMS math features
\@mathmargin=\skip42

For additional information on amsmath, use the `?' option.

("C:\Documents and Settings\dzornek\Desktop\Miktex\tex\latex\ams\math\amstext.s
ty"
Package: amstext 2000/06/29 v2.01

("C:\Documents and Settings\dzornek\Desktop\Miktex\tex\latex\ams\math\amsgen.st
y"
File: amsgen.sty 1999/11/30 v2.0
\@emptytoks=\toks14
\ex@=\dimen104
))
("C:\Documents and Settings\dzornek\Desktop\Miktex\tex\latex\ams\math\amsbsy.st
y"
Package: amsbsy 1999/11/29 v1.2d
\pmbraise@=\dimen105
)
("C:\Documents and Settings\dzornek\Desktop\Miktex\tex\latex\ams\math\amsopn.st
y"
Package: amsopn 1999/12/14 v2.01 operator names
)
\inf@bad=\count79
LaTeX Info: Redefining \frac on input line 211.
\uproot@=\count80
\leftroot@=\count81
LaTeX Info: Redefining \overline on input line 307.
\classnum@=\count82
\DOTSCASE@=\count83
LaTeX Info: Redefining \ldots on input line 379.
LaTeX Info: Redefining \dots on input line 382.
LaTeX Info: Redefining \cdots on input line 467.
\Mathstrutbox@=\box26
\strutbox@=\box27
\big@size=\dimen106
LaTeX Font Info:    Redeclaring font encoding OML on input line 567.
LaTeX Font Info:    Redeclaring font encoding OMS on input line 568.
\macc@depth=\count84
\c@MaxMatrixCols=\count85
\dotsspace@=\muskip10
\c@parentequation=\count86
\dspbrk@lvl=\count87
\tag@help=\toks15
\row@=\count88
\column@=\count89
\maxfields@=\count90
\andhelp@=\toks16
\eqnshift@=\dimen107
\alignsep@=\dimen108
\tagshift@=\dimen109
\tagwidth@=\dimen110
\totwidth@=\dimen111
\lineht@=\dimen112
\@envbody=\toks17
\multlinegap=\skip43
\multlinetaggap=\skip44
\mathdisplay@stack=\toks18
LaTeX Info: Redefining \[ on input line 2666.
LaTeX Info: Redefining \] on input line 2667.
)
LaTeX Font Info:    Try loading font information for U+msa on input line 388.

("C:\Documents and Settings\dzornek\Desktop\Miktex\tex\latex\amsfonts\umsa.fd"
File: umsa.fd 2009/06/22 v3.00 AMS symbols A
)
("C:\Documents and Settings\dzornek\Desktop\Miktex\tex\latex\amsfonts\amsfonts.
sty"
Package: amsfonts 2009/06/22 v3.00 Basic AMSFonts support
\symAMSa=\mathgroup4
\symAMSb=\mathgroup5
LaTeX Font Info:    Overwriting math alphabet `\mathfrak' in version `bold'
(Font)                  U/euf/m/n --> U/euf/b/n on input line 96.
)
\copyins=\insert233
\abstractbox=\box28
\listisep=\skip45
\c@part=\count91
\c@section=\count92
\c@subsection=\count93
\c@subsubsection=\count94
\c@paragraph=\count95
\c@subparagraph=\count96
\c@figure=\count97
\c@table=\count98
\abovecaptionskip=\skip46
\belowcaptionskip=\skip47
\captionindent=\dimen113
\thm@style=\toks19
\thm@bodyfont=\toks20
\thm@headfont=\toks21
\thm@notefont=\toks22
\thm@headpunct=\toks23
\thm@preskip=\skip48
\thm@postskip=\skip49
\thm@headsep=\skip50
\dth@everypar=\toks24
)
("C:\Documents and Settings\dzornek\Desktop\Miktex\tex\latex\geometry\geometry.
sty"
Package: geometry 2010/03/13 v5.3 Page Geometry

("C:\Documents and Settings\dzornek\Desktop\Miktex\tex\latex\graphics\keyval.st
y"
Package: keyval 1999/03/16 v1.13 key=value parser (DPC)
\KV@toks@=\toks25
)
("C:\Documents and Settings\dzornek\Desktop\Miktex\tex\generic\oberdiek\ifpdf.s
ty"
Package: ifpdf 2010/01/28 v2.1 Provides the ifpdf switch (HO)
Package ifpdf Info: pdfTeX in pdf mode detected.
)
("C:\Documents and Settings\dzornek\Desktop\Miktex\tex\generic\oberdiek\ifvtex.
sty"
Package: ifvtex 2010/03/01 v1.5 Switches for detecting VTeX and its modes (HO)
Package ifvtex Info: VTeX not detected.
)
\Gm@cnth=\count99
\Gm@cntv=\count100
\c@Gm@tempcnt=\count101
\Gm@bindingoffset=\dimen114
\Gm@wd@mp=\dimen115
\Gm@odd@mp=\dimen116
\Gm@even@mp=\dimen117
\Gm@layoutwidth=\dimen118
\Gm@layoutheight=\dimen119
\Gm@layouthoffset=\dimen120
\Gm@layoutvoffset=\dimen121
\Gm@dimlist=\toks26

("C:\Documents and Settings\dzornek\Desktop\Miktex\tex\latex\geometry\geometry.
cfg"))
("C:\Documents and Settings\dzornek\Desktop\Miktex\tex\generic\xypic\xy.tex"
Bootstrap'ing: catcodes, docmode,
("C:\Documents and Settings\dzornek\Desktop\Miktex\tex\generic\xypic\xyrecat.te
x")
("C:\Documents and Settings\dzornek\Desktop\Miktex\tex\generic\xypic\xyidioms.t
ex")

 Xy-pic version 3.7 <1999/02/16>
 Copyright (c) 1991-1998 by Kristoffer H. Rose <krisrose@ens-lyon.fr>
 Xy-pic is free software: see the User's Guide for details.

Loading kernel: messages; fonts; allocations: state,
\X@c=\dimen122
\Y@c=\dimen123
\U@c=\dimen124
\D@c=\dimen125
\L@c=\dimen126
\R@c=\dimen127
\Edge@c=\toks27
\X@p=\dimen128
\Y@p=\dimen129
\U@p=\dimen130
\D@p=\dimen131
\L@p=\dimen132
\R@p=\dimen133
\Edge@p=\toks28
\X@origin=\dimen134
\Y@origin=\dimen135
\X@xbase=\dimen136
\Y@xbase=\dimen137
\X@ybase=\dimen138
\Y@ybase=\dimen139
\X@min=\dimen140
\Y@min=\dimen141
\X@max=\dimen142
\Y@max=\dimen143
\lastobjectbox@=\box29
\zerodotbox@=\box30
\almostz@=\dimen144
 direction,
\d@X=\dimen145
\d@Y=\dimen146
\K@=\count102
\KK@=\count103
\Direction=\count104
\K@dXdY=\dimen147
\K@dYdX=\dimen148
\xyread@=\read1
\xywrite@=\write3
\csp@=\count105
\quotPTK@=\dimen149

utility macros; pictures: \xy, positions,
\swaptoks@@=\toks29
\connectobjectbox@@=\box31
 objects,
\styletoks@=\toks30
 decorations;
kernel objects: directionals, circles, text; options; algorithms: directions,
edges, connections;  Xy-pic loaded)
("C:\Documents and Settings\dzornek\Desktop\Miktex\tex\generic\xypic\xyall.tex"
 Xy-pic option: All features v.3.3
("C:\Documents and Settings\dzornek\Desktop\Miktex\tex\generic\xypic\xycurve.te
x"  Xy-pic option: Curve and Spline extension v.3.7 curve,
\crv@cnt@=\count106
\crvpts@=\toks31
\splinebox@=\box32
\splineval@=\dimen150
\splinedepth@=\dimen151
\splinetol@=\dimen152
\splinelength@=\dimen153
 circles,
\L@=\dimen154
 loaded)
("C:\Documents and Settings\dzornek\Desktop\Miktex\tex\generic\xypic\xyframe.te
x"  Xy-pic option: Frame and Bracket extension v.3.7 loaded)
("C:\Documents and Settings\dzornek\Desktop\Miktex\tex\generic\xypic\xycmtip.te
x"  Xy-pic option: Computer Modern tip extension v.3.3
("C:\Documents and Settings\dzornek\Desktop\Miktex\tex\generic\xypic\xytips.tex
"  Xy-pic option: More Tips extension v.3.3 loaded) loaded)
("C:\Documents and Settings\dzornek\Desktop\Miktex\tex\generic\xypic\xyline.tex
"  Xy-pic option: Line styles extension v.3.6
\xylinethick@=\dimen155
 loaded)
("C:\Documents and Settings\dzornek\Desktop\Miktex\tex\generic\xypic\xyrotate.t
ex"  Xy-pic option: Rotate and Scale extension v.3.3 loaded)
("C:\Documents and Settings\dzornek\Desktop\Miktex\tex\generic\xypic\xycolor.te
x"  Xy-pic option: Colour extension v.3.3 loaded)
("C:\Documents and Settings\dzornek\Desktop\Miktex\tex\generic\xypic\xymatrix.t
ex"  Xy-pic option: Matrix feature v.3.4
\Row=\count107
\Col=\count108
\queue@=\toks32
\queue@@=\toks33
\qcount@=\count109
\qcount@@=\count110
\matrixsize@=\count111
 loaded)
("C:\Documents and Settings\dzornek\Desktop\Miktex\tex\generic\xypic\xyarrow.te
x"  Xy-pic option: Arrow and Path feature v.3.5 path, \ar, loaded)
("C:\Documents and Settings\dzornek\Desktop\Miktex\tex\generic\xypic\xygraph.te
x"  Xy-pic option: Graph feature v.3.7 loaded) loaded)
("C:\Documents and Settings\dzornek\Desktop\Miktex\tex\latex\bussproofs\busspro
ofs.sty"
Proof Tree (bussproofs) style macros. Version 1.0.
\theLevel=\count112
\myMaxLevel=\count113
\myBoxA=\box33
\myBoxB=\box34
\myBoxC=\box35
\myBoxD=\box36
\myBoxLL=\box37
\myBoxRL=\box38
\thisAboveSkip=\dimen156
\thisBelowSkip=\dimen157
\newScoreStart=\dimen158
\newScoreEnd=\dimen159
\newCenter=\dimen160
\displace=\dimen161
\leftLowerAmt=\dimen162
\rightLowerAmt=\dimen163
\scoreHeight=\dimen164
\scoreDepth=\dimen165
\htLbox=\dimen166
\htRbox=\dimen167
\htAbox=\dimen168
\htCbox=\dimen169
)
("C:\Documents and Settings\dzornek\Desktop\Thesis\Chapters\Weaknesses of GL\We
aknesses of GL.aux")
LaTeX Font Info:    Checking defaults for OML/cmm/m/it on input line 16.
LaTeX Font Info:    ... okay on input line 16.
LaTeX Font Info:    Checking defaults for T1/cmr/m/n on input line 16.
LaTeX Font Info:    ... okay on input line 16.
LaTeX Font Info:    Checking defaults for OT1/cmr/m/n on input line 16.
LaTeX Font Info:    ... okay on input line 16.
LaTeX Font Info:    Checking defaults for OMS/cmsy/m/n on input line 16.
LaTeX Font Info:    ... okay on input line 16.
LaTeX Font Info:    Checking defaults for OMX/cmex/m/n on input line 16.
LaTeX Font Info:    ... okay on input line 16.
LaTeX Font Info:    Checking defaults for U/cmr/m/n on input line 16.
LaTeX Font Info:    ... okay on input line 16.
LaTeX Font Info:    Try loading font information for U+msa on input line 16.

("C:\Documents and Settings\dzornek\Desktop\Miktex\tex\latex\amsfonts\umsa.fd"
File: umsa.fd 2009/06/22 v3.00 AMS symbols A
)
LaTeX Font Info:    Try loading font information for U+msb on input line 16.
("C:\Documents and Settings\dzornek\Desktop\Miktex\tex\latex\amsfonts\umsb.fd"
File: umsb.fd 2009/06/22 v3.00 AMS symbols B
)
*geometry* driver: auto-detecting
*geometry* detected driver: pdftex
*geometry* verbose mode - [ preamble ] result:
* driver: pdftex
* paper: a4paper
* layout: a4paper
* switch(es): twoside 
* h-part:(L,W,R)=(71.70166pt, 418.25368pt, 107.55254pt)
* v-part:(T,H,B)=(101.40665pt, 591.5302pt, 152.11pt)
* \paperwidth=597.50787pt
* \paperheight=845.04684pt
* \textwidth=418.25368pt
* \textheight=591.5302pt
* \oddsidemargin=-0.56833pt
* \evensidemargin=35.28255pt
* \topmargin=7.13666pt
* \headheight=8.0pt
* \headsep=14.0pt
* \footskip=12.0pt
* \marginparwidth=90.0pt
* \marginparsep=11.0pt
* \columnsep=10.0pt
* \skip\footins=7.0pt plus 11.0pt
* \hoffset=0.0pt
* \voffset=0.0pt
* \mag=1000
* \@twocolumnfalse
* \@twosidetrue
* \@mparswitchtrue
* \@reversemarginfalse
* (1in=72.27pt, 1cm=28.453pt)


LaTeX Warning: Citation `Carpenter92' on page 1 undefined on input line 20.


LaTeX Warning: Citation `Frege1891' on page 1 undefined on input line 22.

[1{C:/Documents and Settings/dzornek/Local Settings/Application Data/MiKTeX/2.8
/pdftex/config/pdftex.map}]

LaTeX Warning: Citation `Rosch78' on page 2 undefined on input line 30.


LaTeX Warning: Citation `MurphyBrownell85' on page 2 undefined on input line 30
.


LaTeX Warning: Citation `Jackendoff83' on page 2 undefined on input line 34.


Underfull \vbox (badness 10000) has occurred while \output is active []

 [2]
[3] [4]
("C:\Documents and Settings\dzornek\Desktop\Thesis\Chapters\Weaknesses of GL\We
aknesses of GL.aux")

LaTeX Warning: There were undefined references.

 ) 
Here is how much of TeX's memory you used:
 4195 strings out of 495285
 52493 string characters out of 3178529
 146755 words of memory out of 3000000
 7200 multiletter control sequences out of 15000+200000
 13656 words of font info for 55 fonts, out of 3000000 for 9000
 175 hyphenation exceptions out of 8191
 34i,5n,31p,1622b,192s stack positions out of 5000i,500n,10000p,200000b,50000s
<C:/Documents and Settings/dzornek/Desktop/Miktex/fonts/type1/public/amsfonts
/cm/cmbx10.pfb><C:/Documents and Settings/dzornek/Desktop/Miktex/fonts/type1/pu
blic/amsfonts/cm/cmbx12.pfb><C:/Documents and Settings/dzornek/Desktop/Miktex/f
onts/type1/public/amsfonts/cm/cmcsc10.pfb><C:/Documents and Settings/dzornek/De
sktop/Miktex/fonts/type1/public/amsfonts/cm/cmmi12.pfb><C:/Documents and Settin
gs/dzornek/Desktop/Miktex/fonts/type1/public/amsfonts/cm/cmr10.pfb><C:/Document
s and Settings/dzornek/Desktop/Miktex/fonts/type1/public/amsfonts/cm/cmr12.pfb>
<C:/Documents and Settings/dzornek/Desktop/Miktex/fonts/type1/public/amsfonts/c
m/cmr8.pfb><C:/Documents and Settings/dzornek/Desktop/Miktex/fonts/type1/public
/amsfonts/cm/cmr9.pfb><C:/Documents and Settings/dzornek/Desktop/Miktex/fonts/t
ype1/public/amsfonts/cm/cmsy10.pfb><C:/Documents and Settings/dzornek/Desktop/M
iktex/fonts/type1/public/amsfonts/cm/cmti10.pfb><C:/Documents and Settings/dzor
nek/Desktop/Miktex/fonts/type1/public/amsfonts/cm/cmti12.pfb>
Output written on "Weaknesses of GL.pdf" (4 pages, 144351 bytes).
PDF statistics:
 59 PDF objects out of 1000 (max. 8388607)
 0 named destinations out of 1000 (max. 500000)
 1 words of extra memory for PDF output out of 10000 (max. 10000000)

